<?xml version="1.0" encoding="utf-8"?>
<testsuites disabled="0" errors="0" failures="24" tests="87" time="31.236714410129935">
	<testsuite disabled="0" errors="0" failures="24" name="schemathesis" skipped="63" tests="87" time="31.236714410129935" hostname="Leonardos-Mini.localdomain">
		<testcase name="POST /accounts" time="0.452665"/>
		<testcase name="POST /auth/2fa/backup-codes/regenerate" time="0.202688"/>
		<testcase name="POST /auth/2fa/disable" time="0.191374"/>
		<testcase name="POST /auth/2fa/emergency-disable/confirm" time="0.077556"/>
		<testcase name="POST /auth/2fa/emergency-disable/request" time="0.114979"/>
		<testcase name="POST /auth/2fa/enable" time="0.257301">
			<skipped type="skipped">No examples in schema</skipped>
		</testcase>
		<testcase name="POST /auth/2fa/verify" time="0.254706"/>
		<testcase name="POST /auth/forgot-password" time="3.275358"/>
		<testcase name="POST /auth/login" time="1.375160"/>
		<testcase name="POST /auth/logout" time="0.100639">
			<skipped type="skipped">No examples in schema</skipped>
		</testcase>
		<testcase name="POST /auth/refresh" time="0.118917">
			<skipped type="skipped">No examples in schema</skipped>
		</testcase>
		<testcase name="POST /auth/register" time="0.630410"/>
		<testcase name="POST /auth/reset-password" time="0.075119"/>
		<testcase name="POST /categories" time="0.306363"/>
		<testcase name="POST /onboarding/complete" time="0.112030">
			<skipped type="skipped">No examples in schema</skipped>
		</testcase>
		<testcase name="POST /overlays" time="0.652851"/>
		<testcase name="POST /overlays/{id}/transactions/{txId}/include" time="0.046664">
			<failure type="failure" message="1. Test Case ID: hNZRyX

- Undocumented HTTP status code

    Received: 400
    Documented: 204, 401, 404, 409, 500

[400] Bad Request:

    `{&quot;message&quot;:&quot;Internal server error&quot;,&quot;request_id&quot;:&quot;e5dc8026-c20c-4439-b7ad-e3e3c6da986d&quot;}`

Reproduce with:

    curl -X POST -H 'Authorization: [Filtered]' -H 'Cookie: [Filtered]' http://localhost:8000/v2/overlays/e3e70682-c209-4cac-629f-6fbed82c07cd/transactions/0/include"/>
			<failure type="failure" message="1. Test Case ID: hNZRyX

- Undocumented HTTP status code

    Received: 400
    Documented: 204, 401, 404, 409, 500

[400] Bad Request:

    `{&quot;message&quot;:&quot;Internal server error&quot;,&quot;request_id&quot;:&quot;e5dc8026-c20c-4439-b7ad-e3e3c6da986d&quot;}`

Reproduce with:

    curl -X POST -H 'Authorization: [Filtered]' -H 'Cookie: [Filtered]' http://localhost:8000/v2/overlays/e3e70682-c209-4cac-629f-6fbed82c07cd/transactions/0/include"/>
			<skipped type="skipped">No examples in schema</skipped>
		</testcase>
		<testcase name="POST /periods" time="0.408182"/>
		<testcase name="POST /periods/schedule" time="0.494671">
			<skipped type="skipped">No examples in schema</skipped>
		</testcase>
		<testcase name="POST /settings/reset-structure" time="2.131409"/>
		<testcase name="POST /targets" time="0.219129"/>
		<testcase name="POST /transactions" time="0.441053">
			<skipped type="skipped">No examples in schema</skipped>
		</testcase>
		<testcase name="POST /vendors" time="0.218629"/>
		<testcase name="PUT /auth/password" time="1.160588"/>
		<testcase name="PUT /periods/schedule" time="0.511654">
			<skipped type="skipped">No examples in schema</skipped>
		</testcase>
		<testcase name="PUT /settings/preferences" time="0.256233"/>
		<testcase name="PUT /settings/profile" time="0.167853"/>
		<testcase name="GET /accounts" time="0.182468">
			<failure type="failure" message="1. Test Case ID: 2YwMOi

- Undocumented HTTP status code

    Received: 400
    Documented: 200, 401, 500

[400] Bad Request:

    `{&quot;message&quot;:&quot;Internal server error&quot;,&quot;request_id&quot;:&quot;e56aad24-bebf-4657-b3fb-4e9310eac97f&quot;}`

Reproduce with:

    curl -X GET -H 'Authorization: [Filtered]' -H 'Cookie: [Filtered]' 'http://localhost:8000/v2/accounts?cursor=null'"/>
			<skipped type="skipped">No examples in schema</skipped>
		</testcase>
		<testcase name="GET /accounts/options" time="0.108856">
			<skipped type="skipped">No examples in schema</skipped>
		</testcase>
		<testcase name="GET /auth/2fa/status" time="0.099337">
			<skipped type="skipped">No examples in schema</skipped>
		</testcase>
		<testcase name="GET /auth/me" time="0.111412">
			<skipped type="skipped">No examples in schema</skipped>
		</testcase>
		<testcase name="GET /categories" time="0.197843">
			<failure type="failure" message="1. Test Case ID: aSRkOm

- Undocumented HTTP status code

    Received: 400
    Documented: 200, 401, 500

[400] Bad Request:

    `{&quot;message&quot;:&quot;Internal server error&quot;,&quot;request_id&quot;:&quot;6764468e-a294-4601-8c2f-a0290aeab198&quot;}`

Reproduce with:

    curl -X GET -H 'Authorization: [Filtered]' -H 'Cookie: [Filtered]' 'http://localhost:8000/v2/categories?cursor=null'"/>
			<skipped type="skipped">No examples in schema</skipped>
		</testcase>
		<testcase name="GET /categories/options" time="0.105262">
			<skipped type="skipped">No examples in schema</skipped>
		</testcase>
		<testcase name="GET /currencies" time="0.019821">
			<skipped type="skipped">No examples in schema</skipped>
		</testcase>
		<testcase name="GET /currencies/{code}" time="0.078167"/>
		<testcase name="GET /dashboard/budget-stability" time="0.188489">
			<skipped type="skipped">No examples in schema</skipped>
		</testcase>
		<testcase name="GET /dashboard/current-period" time="0.181593">
			<skipped type="skipped">No examples in schema</skipped>
		</testcase>
		<testcase name="GET /dashboard/net-position" time="0.156493">
			<skipped type="skipped">No examples in schema</skipped>
		</testcase>
		<testcase name="GET /health" time="0.022352">
			<skipped type="skipped">No examples in schema</skipped>
		</testcase>
		<testcase name="GET /onboarding/status" time="0.145988">
			<skipped type="skipped">No examples in schema</skipped>
		</testcase>
		<testcase name="GET /overlays" time="4.164179">
			<failure type="failure" message="1. Test Case ID: 0cQfrB

- Undocumented HTTP status code

    Received: 400
    Documented: 200, 401, 500

[400] Bad Request:

    `{&quot;message&quot;:&quot;Internal server error&quot;,&quot;request_id&quot;:&quot;fb07bbb1-2f82-4070-a0a9-ee46135ebd2a&quot;}`

Reproduce with:

    curl -X GET -H 'Authorization: [Filtered]' -H 'Cookie: [Filtered]' 'http://localhost:8000/v2/overlays?cursor=null'"/>
			<skipped type="skipped">No examples in schema</skipped>
		</testcase>
		<testcase name="GET /overlays/{id}/transactions" time="0.045960">
			<failure type="failure" message="1. Test Case ID: zUz3Wk

- Undocumented HTTP status code

    Received: 400
    Documented: 200, 401, 404, 500

[400] Bad Request:

    `{&quot;message&quot;:&quot;Internal server error&quot;,&quot;request_id&quot;:&quot;0ac7ad64-ff62-41f7-b6bf-d255c12cb180&quot;}`

Reproduce with:

    curl -X GET -H 'Authorization: [Filtered]' -H 'Cookie: [Filtered]' http://localhost:8000/v2/overlays/0/transactions"/>
			<failure type="failure" message="1. Test Case ID: zUz3Wk

- Undocumented HTTP status code

    Received: 400
    Documented: 200, 401, 404, 500

[400] Bad Request:

    `{&quot;message&quot;:&quot;Internal server error&quot;,&quot;request_id&quot;:&quot;0ac7ad64-ff62-41f7-b6bf-d255c12cb180&quot;}`

Reproduce with:

    curl -X GET -H 'Authorization: [Filtered]' -H 'Cookie: [Filtered]' http://localhost:8000/v2/overlays/0/transactions"/>
			<skipped type="skipped">No examples in schema</skipped>
		</testcase>
		<testcase name="GET /periods" time="0.245078">
			<skipped type="skipped">No examples in schema</skipped>
		</testcase>
		<testcase name="GET /periods/schedule" time="0.079497">
			<skipped type="skipped">No examples in schema</skipped>
		</testcase>
		<testcase name="GET /settings/export/data" time="0.104440">
			<skipped type="skipped">No examples in schema</skipped>
		</testcase>
		<testcase name="GET /settings/export/transactions" time="0.085262">
			<skipped type="skipped">No examples in schema</skipped>
		</testcase>
		<testcase name="GET /settings/preferences" time="0.077347">
			<skipped type="skipped">No examples in schema</skipped>
		</testcase>
		<testcase name="GET /settings/profile" time="0.116623">
			<skipped type="skipped">No examples in schema</skipped>
		</testcase>
		<testcase name="GET /settings/sessions" time="0.098356">
			<skipped type="skipped">No examples in schema</skipped>
		</testcase>
		<testcase name="GET /unlock" time="0.062870">
			<skipped type="skipped">No examples in schema</skipped>
		</testcase>
		<testcase name="GET /vendors" time="0.188050">
			<failure type="failure" message="1. Test Case ID: qWUkZC

- Undocumented HTTP status code

    Received: 400
    Documented: 200, 401, 500

[400] Bad Request:

    `{&quot;message&quot;:&quot;Internal server error&quot;,&quot;request_id&quot;:&quot;0804409b-4b13-4d99-a52b-6ce6fecdb171&quot;}`

Reproduce with:

    curl -X GET -H 'Authorization: [Filtered]' -H 'Cookie: [Filtered]' 'http://localhost:8000/v2/vendors?cursor=null'"/>
			<skipped type="skipped">No examples in schema</skipped>
		</testcase>
		<testcase name="GET /vendors/options" time="0.101519">
			<skipped type="skipped">No examples in schema</skipped>
		</testcase>
		<testcase name="DELETE /overlays/{id}/transactions/{txId}/exclude" time="0.044171">
			<failure type="failure" message="1. Test Case ID: IMXxPM

- Undocumented HTTP status code

    Received: 400
    Documented: 204, 401, 404, 409, 500

[400] Bad Request:

    `{&quot;message&quot;:&quot;Internal server error&quot;,&quot;request_id&quot;:&quot;e6d10037-f4f9-470f-95a2-c2f57294c54f&quot;}`

Reproduce with:

    curl -X DELETE -H 'Authorization: [Filtered]' -H 'Cookie: [Filtered]' http://localhost:8000/v2/overlays/e3e70682-c209-4cac-629f-6fbed82c07cd/transactions/0/exclude"/>
			<failure type="failure" message="1. Test Case ID: IMXxPM

- Undocumented HTTP status code

    Received: 400
    Documented: 204, 401, 404, 409, 500

[400] Bad Request:

    `{&quot;message&quot;:&quot;Internal server error&quot;,&quot;request_id&quot;:&quot;e6d10037-f4f9-470f-95a2-c2f57294c54f&quot;}`

Reproduce with:

    curl -X DELETE -H 'Authorization: [Filtered]' -H 'Cookie: [Filtered]' http://localhost:8000/v2/overlays/e3e70682-c209-4cac-629f-6fbed82c07cd/transactions/0/exclude"/>
			<skipped type="skipped">No examples in schema</skipped>
		</testcase>
		<testcase name="DELETE /periods/schedule" time="0.083127">
			<skipped type="skipped">No examples in schema</skipped>
		</testcase>
		<testcase name="DELETE /settings/account" time="2.105399"/>
		<testcase name="DELETE /settings/sessions/{id}" time="0.052071">
			<failure type="failure" message="1. Test Case ID: Ub5xmx

- Undocumented HTTP status code

    Received: 400
    Documented: 204, 401, 404, 500

[400] Bad Request:

    `{&quot;message&quot;:&quot;Internal server error&quot;,&quot;request_id&quot;:&quot;ce368ebf-b427-48fd-bc2e-2bd82125dfa0&quot;}`

Reproduce with:

    curl -X DELETE -H 'Authorization: [Filtered]' -H 'Cookie: [Filtered]' http://localhost:8000/v2/settings/sessions/0"/>
			<failure type="failure" message="1. Test Case ID: Ub5xmx

- Undocumented HTTP status code

    Received: 400
    Documented: 204, 401, 404, 500

[400] Bad Request:

    `{&quot;message&quot;:&quot;Internal server error&quot;,&quot;request_id&quot;:&quot;ce368ebf-b427-48fd-bc2e-2bd82125dfa0&quot;}`

Reproduce with:

    curl -X DELETE -H 'Authorization: [Filtered]' -H 'Cookie: [Filtered]' http://localhost:8000/v2/settings/sessions/0"/>
			<skipped type="skipped">No examples in schema</skipped>
		</testcase>
		<testcase name="POST /accounts/{id}/adjust-balance" time="0.246599"/>
		<testcase name="POST /accounts/{id}/archive" time="0.050346">
			<failure type="failure" message="1. Test Case ID: YJ6yad

- Undocumented HTTP status code

    Received: 400
    Documented: 200, 401, 404, 409, 500

[400] Bad Request:

    `{&quot;message&quot;:&quot;Internal server error&quot;,&quot;request_id&quot;:&quot;a63283ef-14ff-4df9-8040-66733d6783d6&quot;}`

Reproduce with:

    curl -X POST -H 'Authorization: [Filtered]' -H 'Cookie: [Filtered]' http://localhost:8000/v2/accounts/0/archive"/>
			<failure type="failure" message="1. Test Case ID: YJ6yad

- Undocumented HTTP status code

    Received: 400
    Documented: 200, 401, 404, 409, 500

[400] Bad Request:

    `{&quot;message&quot;:&quot;Internal server error&quot;,&quot;request_id&quot;:&quot;a63283ef-14ff-4df9-8040-66733d6783d6&quot;}`

Reproduce with:

    curl -X POST -H 'Authorization: [Filtered]' -H 'Cookie: [Filtered]' http://localhost:8000/v2/accounts/0/archive"/>
			<skipped type="skipped">No examples in schema</skipped>
		</testcase>
		<testcase name="POST /accounts/{id}/unarchive" time="0.050030">
			<failure type="failure" message="1. Test Case ID: wuVIRu

- Undocumented HTTP status code

    Received: 400
    Documented: 200, 401, 404, 409, 500

[400] Bad Request:

    `{&quot;message&quot;:&quot;Internal server error&quot;,&quot;request_id&quot;:&quot;459012f0-e128-45f1-83f9-6a5b5869e707&quot;}`

Reproduce with:

    curl -X POST -H 'Authorization: [Filtered]' -H 'Cookie: [Filtered]' http://localhost:8000/v2/accounts/0/unarchive"/>
			<failure type="failure" message="1. Test Case ID: wuVIRu

- Undocumented HTTP status code

    Received: 400
    Documented: 200, 401, 404, 409, 500

[400] Bad Request:

    `{&quot;message&quot;:&quot;Internal server error&quot;,&quot;request_id&quot;:&quot;459012f0-e128-45f1-83f9-6a5b5869e707&quot;}`

Reproduce with:

    curl -X POST -H 'Authorization: [Filtered]' -H 'Cookie: [Filtered]' http://localhost:8000/v2/accounts/0/unarchive"/>
			<skipped type="skipped">No examples in schema</skipped>
		</testcase>
		<testcase name="POST /categories/{id}/archive" time="0.072106">
			<failure type="failure" message="1. Test Case ID: JRnVKS

- Undocumented HTTP status code

    Received: 400
    Documented: 200, 401, 404, 409, 500

[400] Bad Request:

    `{&quot;message&quot;:&quot;Internal server error&quot;,&quot;request_id&quot;:&quot;1009c8b3-af7f-4edc-9e2a-e0d8e85b8dd6&quot;}`

Reproduce with:

    curl -X POST -H 'Authorization: [Filtered]' -H 'Cookie: [Filtered]' http://localhost:8000/v2/categories/0/archive"/>
			<failure type="failure" message="1. Test Case ID: JRnVKS

- Undocumented HTTP status code

    Received: 400
    Documented: 200, 401, 404, 409, 500

[400] Bad Request:

    `{&quot;message&quot;:&quot;Internal server error&quot;,&quot;request_id&quot;:&quot;1009c8b3-af7f-4edc-9e2a-e0d8e85b8dd6&quot;}`

Reproduce with:

    curl -X POST -H 'Authorization: [Filtered]' -H 'Cookie: [Filtered]' http://localhost:8000/v2/categories/0/archive"/>
			<skipped type="skipped">No examples in schema</skipped>
		</testcase>
		<testcase name="POST /categories/{id}/unarchive" time="0.044598">
			<failure type="failure" message="1. Test Case ID: AnRuia

- Undocumented HTTP status code

    Received: 400
    Documented: 200, 401, 404, 409, 500

[400] Bad Request:

    `{&quot;message&quot;:&quot;Internal server error&quot;,&quot;request_id&quot;:&quot;0aba9d3a-06e7-4694-9416-157027954e6a&quot;}`

Reproduce with:

    curl -X POST -H 'Authorization: [Filtered]' -H 'Cookie: [Filtered]' http://localhost:8000/v2/categories/0/unarchive"/>
			<failure type="failure" message="1. Test Case ID: AnRuia

- Undocumented HTTP status code

    Received: 400
    Documented: 200, 401, 404, 409, 500

[400] Bad Request:

    `{&quot;message&quot;:&quot;Internal server error&quot;,&quot;request_id&quot;:&quot;0aba9d3a-06e7-4694-9416-157027954e6a&quot;}`

Reproduce with:

    curl -X POST -H 'Authorization: [Filtered]' -H 'Cookie: [Filtered]' http://localhost:8000/v2/categories/0/unarchive"/>
			<skipped type="skipped">No examples in schema</skipped>
		</testcase>
		<testcase name="POST /vendors/{id}/archive" time="0.042403">
			<failure type="failure" message="1. Test Case ID: tRVDMy

- Undocumented HTTP status code

    Received: 400
    Documented: 200, 401, 404, 409, 500

[400] Bad Request:

    `{&quot;message&quot;:&quot;Internal server error&quot;,&quot;request_id&quot;:&quot;b7eb7109-b0f1-4a4e-b53b-3b5bba79d5e3&quot;}`

Reproduce with:

    curl -X POST -H 'Authorization: [Filtered]' -H 'Cookie: [Filtered]' http://localhost:8000/v2/vendors/0/archive"/>
			<failure type="failure" message="1. Test Case ID: tRVDMy

- Undocumented HTTP status code

    Received: 400
    Documented: 200, 401, 404, 409, 500

[400] Bad Request:

    `{&quot;message&quot;:&quot;Internal server error&quot;,&quot;request_id&quot;:&quot;b7eb7109-b0f1-4a4e-b53b-3b5bba79d5e3&quot;}`

Reproduce with:

    curl -X POST -H 'Authorization: [Filtered]' -H 'Cookie: [Filtered]' http://localhost:8000/v2/vendors/0/archive"/>
			<skipped type="skipped">No examples in schema</skipped>
		</testcase>
		<testcase name="POST /vendors/{id}/unarchive" time="0.051348">
			<failure type="failure" message="1. Test Case ID: ndmLJO

- Undocumented HTTP status code

    Received: 400
    Documented: 200, 401, 404, 409, 500

[400] Bad Request:

    `{&quot;message&quot;:&quot;Internal server error&quot;,&quot;request_id&quot;:&quot;10c871a9-b810-448b-98d4-7b3c0e45a216&quot;}`

Reproduce with:

    curl -X POST -H 'Authorization: [Filtered]' -H 'Cookie: [Filtered]' http://localhost:8000/v2/vendors/0/unarchive"/>
			<failure type="failure" message="1. Test Case ID: ndmLJO

- Undocumented HTTP status code

    Received: 400
    Documented: 200, 401, 404, 409, 500

[400] Bad Request:

    `{&quot;message&quot;:&quot;Internal server error&quot;,&quot;request_id&quot;:&quot;10c871a9-b810-448b-98d4-7b3c0e45a216&quot;}`

Reproduce with:

    curl -X POST -H 'Authorization: [Filtered]' -H 'Cookie: [Filtered]' http://localhost:8000/v2/vendors/0/unarchive"/>
			<skipped type="skipped">No examples in schema</skipped>
		</testcase>
		<testcase name="PUT /periods/{id}" time="0.444748">
			<skipped type="skipped">No examples in schema</skipped>
		</testcase>
		<testcase name="GET /accounts/summary" time="0.348525">
			<skipped type="skipped">No examples in schema</skipped>
		</testcase>
		<testcase name="GET /accounts/{id}/balance-history" time="0.252702">
			<skipped type="skipped">No examples in schema</skipped>
		</testcase>
		<testcase name="GET /accounts/{id}/details" time="0.215452">
			<skipped type="skipped">No examples in schema</skipped>
		</testcase>
		<testcase name="GET /categories/overview" time="0.127964">
			<skipped type="skipped">No examples in schema</skipped>
		</testcase>
		<testcase name="GET /periods/{id}" time="0.045151">
			<failure type="failure" message="1. Test Case ID: 0tlhyf

- Undocumented HTTP status code

    Received: 400
    Documented: 200, 401, 404, 500

[400] Bad Request:

    `{&quot;message&quot;:&quot;Internal server error&quot;,&quot;request_id&quot;:&quot;3595a014-769f-4fe5-88f1-b6f4889ed62e&quot;}`

Reproduce with:

    curl -X GET -H 'Authorization: [Filtered]' -H 'Cookie: [Filtered]' http://localhost:8000/v2/periods/0"/>
			<failure type="failure" message="1. Test Case ID: 0tlhyf

- Undocumented HTTP status code

    Received: 400
    Documented: 200, 401, 404, 500

[400] Bad Request:

    `{&quot;message&quot;:&quot;Internal server error&quot;,&quot;request_id&quot;:&quot;3595a014-769f-4fe5-88f1-b6f4889ed62e&quot;}`

Reproduce with:

    curl -X GET -H 'Authorization: [Filtered]' -H 'Cookie: [Filtered]' http://localhost:8000/v2/periods/0"/>
			<skipped type="skipped">No examples in schema</skipped>
		</testcase>
		<testcase name="GET /targets" time="0.130739">
			<skipped type="skipped">No examples in schema</skipped>
		</testcase>
		<testcase name="GET /transactions" time="0.745524"/>
		<testcase name="DELETE /periods/{id}" time="0.033831">
			<failure type="failure" message="1. Test Case ID: 7H1lRK

- Undocumented HTTP status code

    Received: 400
    Documented: 204, 401, 404, 500

[400] Bad Request:

    `{&quot;message&quot;:&quot;Internal server error&quot;,&quot;request_id&quot;:&quot;e227a61e-b5e2-4542-b313-ee22da8f17a8&quot;}`

Reproduce with:

    curl -X DELETE -H 'Authorization: [Filtered]' -H 'Cookie: [Filtered]' http://localhost:8000/v2/periods/0"/>
			<failure type="failure" message="1. Test Case ID: 7H1lRK

- Undocumented HTTP status code

    Received: 400
    Documented: 204, 401, 404, 500

[400] Bad Request:

    `{&quot;message&quot;:&quot;Internal server error&quot;,&quot;request_id&quot;:&quot;e227a61e-b5e2-4542-b313-ee22da8f17a8&quot;}`

Reproduce with:

    curl -X DELETE -H 'Authorization: [Filtered]' -H 'Cookie: [Filtered]' http://localhost:8000/v2/periods/0"/>
			<skipped type="skipped">No examples in schema</skipped>
		</testcase>
		<testcase name="PUT /categories/{id}" time="0.337379">
			<skipped type="skipped">No examples in schema</skipped>
		</testcase>
		<testcase name="PUT /transactions/{id}" time="0.512617">
			<skipped type="skipped">No examples in schema</skipped>
		</testcase>
		<testcase name="PUT /vendors/{id}" time="0.291561">
			<skipped type="skipped">No examples in schema</skipped>
		</testcase>
		<testcase name="DELETE /categories/{id}" time="0.050600">
			<failure type="failure" message="1. Test Case ID: nWNhdh

- Undocumented HTTP status code

    Received: 400
    Documented: 204, 401, 404, 500

[400] Bad Request:

    `{&quot;message&quot;:&quot;Internal server error&quot;,&quot;request_id&quot;:&quot;24b7832f-b756-4100-8f20-cabb38bf5a3c&quot;}`

Reproduce with:

    curl -X DELETE -H 'Authorization: [Filtered]' -H 'Cookie: [Filtered]' http://localhost:8000/v2/categories/0"/>
			<failure type="failure" message="1. Test Case ID: nWNhdh

- Undocumented HTTP status code

    Received: 400
    Documented: 204, 401, 404, 500

[400] Bad Request:

    `{&quot;message&quot;:&quot;Internal server error&quot;,&quot;request_id&quot;:&quot;24b7832f-b756-4100-8f20-cabb38bf5a3c&quot;}`

Reproduce with:

    curl -X DELETE -H 'Authorization: [Filtered]' -H 'Cookie: [Filtered]' http://localhost:8000/v2/categories/0"/>
			<skipped type="skipped">No examples in schema</skipped>
		</testcase>
		<testcase name="DELETE /transactions/{id}" time="0.104855">
			<failure type="failure" message="1. Test Case ID: oA4axm

- Undocumented HTTP status code

    Received: 400
    Documented: 204, 401, 404, 500

[400] Bad Request:

    `{&quot;message&quot;:&quot;Internal server error&quot;,&quot;request_id&quot;:&quot;6a1f5982-1fbf-4fa6-9b95-b6245c0b2a28&quot;}`

Reproduce with:

    curl -X DELETE -H 'Authorization: [Filtered]' -H 'Cookie: [Filtered]' http://localhost:8000/v2/transactions/0"/>
			<failure type="failure" message="1. Test Case ID: oA4axm

- Undocumented HTTP status code

    Received: 400
    Documented: 204, 401, 404, 500

[400] Bad Request:

    `{&quot;message&quot;:&quot;Internal server error&quot;,&quot;request_id&quot;:&quot;6a1f5982-1fbf-4fa6-9b95-b6245c0b2a28&quot;}`

Reproduce with:

    curl -X DELETE -H 'Authorization: [Filtered]' -H 'Cookie: [Filtered]' http://localhost:8000/v2/transactions/0"/>
			<skipped type="skipped">No examples in schema</skipped>
		</testcase>
		<testcase name="DELETE /vendors/{id}" time="0.047219">
			<failure type="failure" message="1. Test Case ID: MRGq18

- Undocumented HTTP status code

    Received: 400
    Documented: 204, 401, 404, 500

[400] Bad Request:

    `{&quot;message&quot;:&quot;Internal server error&quot;,&quot;request_id&quot;:&quot;f6af58e4-8edd-4e57-9184-77c41bafdc99&quot;}`

Reproduce with:

    curl -X DELETE -H 'Authorization: [Filtered]' -H 'Cookie: [Filtered]' http://localhost:8000/v2/vendors/0"/>
			<failure type="failure" message="1. Test Case ID: MRGq18

- Undocumented HTTP status code

    Received: 400
    Documented: 204, 401, 404, 500

[400] Bad Request:

    `{&quot;message&quot;:&quot;Internal server error&quot;,&quot;request_id&quot;:&quot;f6af58e4-8edd-4e57-9184-77c41bafdc99&quot;}`

Reproduce with:

    curl -X DELETE -H 'Authorization: [Filtered]' -H 'Cookie: [Filtered]' http://localhost:8000/v2/vendors/0"/>
			<skipped type="skipped">No examples in schema</skipped>
		</testcase>
		<testcase name="POST /targets/{id}/exclude" time="0.048311">
			<failure type="failure" message="1. Test Case ID: elGgAq

- Undocumented HTTP status code

    Received: 400
    Documented: 200, 401, 404, 409, 500

[400] Bad Request:

    `{&quot;message&quot;:&quot;Internal server error&quot;,&quot;request_id&quot;:&quot;38edfff1-0ea1-428d-9135-cd96ebb29575&quot;}`

Reproduce with:

    curl -X POST -H 'Authorization: [Filtered]' -H 'Cookie: [Filtered]' http://localhost:8000/v2/targets/0/exclude"/>
			<failure type="failure" message="1. Test Case ID: elGgAq

- Undocumented HTTP status code

    Received: 400
    Documented: 200, 401, 404, 409, 500

[400] Bad Request:

    `{&quot;message&quot;:&quot;Internal server error&quot;,&quot;request_id&quot;:&quot;38edfff1-0ea1-428d-9135-cd96ebb29575&quot;}`

Reproduce with:

    curl -X POST -H 'Authorization: [Filtered]' -H 'Cookie: [Filtered]' http://localhost:8000/v2/targets/0/exclude"/>
			<skipped type="skipped">No examples in schema</skipped>
		</testcase>
		<testcase name="PUT /accounts/{id}" time="0.378433">
			<skipped type="skipped">No examples in schema</skipped>
		</testcase>
		<testcase name="PUT /overlays/{id}" time="0.740999">
			<skipped type="skipped">No examples in schema</skipped>
		</testcase>
		<testcase name="PUT /targets/{id}" time="0.265195">
			<skipped type="skipped">No examples in schema</skipped>
		</testcase>
		<testcase name="GET /accounts/{id}" time="0.036482">
			<failure type="failure" message="1. Test Case ID: B5yREv

- Undocumented HTTP status code

    Received: 400
    Documented: 200, 401, 404, 500

[400] Bad Request:

    `{&quot;message&quot;:&quot;Internal server error&quot;,&quot;request_id&quot;:&quot;1074b471-e9cc-415d-88c8-751b582083c3&quot;}`

Reproduce with:

    curl -X GET -H 'Authorization: [Filtered]' -H 'Cookie: [Filtered]' http://localhost:8000/v2/accounts/0"/>
			<failure type="failure" message="1. Test Case ID: B5yREv

- Undocumented HTTP status code

    Received: 400
    Documented: 200, 401, 404, 500

[400] Bad Request:

    `{&quot;message&quot;:&quot;Internal server error&quot;,&quot;request_id&quot;:&quot;1074b471-e9cc-415d-88c8-751b582083c3&quot;}`

Reproduce with:

    curl -X GET -H 'Authorization: [Filtered]' -H 'Cookie: [Filtered]' http://localhost:8000/v2/accounts/0"/>
			<skipped type="skipped">No examples in schema</skipped>
		</testcase>
		<testcase name="GET /overlays/{id}" time="0.048563">
			<failure type="failure" message="1. Test Case ID: 066RFv

- Undocumented HTTP status code

    Received: 400
    Documented: 200, 401, 404, 500

[400] Bad Request:

    `{&quot;message&quot;:&quot;Internal server error&quot;,&quot;request_id&quot;:&quot;8eb9d6a3-5276-477e-b0b8-d357193d1f07&quot;}`

Reproduce with:

    curl -X GET -H 'Authorization: [Filtered]' -H 'Cookie: [Filtered]' http://localhost:8000/v2/overlays/0"/>
			<failure type="failure" message="1. Test Case ID: 066RFv

- Undocumented HTTP status code

    Received: 400
    Documented: 200, 401, 404, 500

[400] Bad Request:

    `{&quot;message&quot;:&quot;Internal server error&quot;,&quot;request_id&quot;:&quot;8eb9d6a3-5276-477e-b0b8-d357193d1f07&quot;}`

Reproduce with:

    curl -X GET -H 'Authorization: [Filtered]' -H 'Cookie: [Filtered]' http://localhost:8000/v2/overlays/0"/>
			<skipped type="skipped">No examples in schema</skipped>
		</testcase>
		<testcase name="DELETE /accounts/{id}" time="0.044545">
			<failure type="failure" message="1. Test Case ID: e2Whkb

- Undocumented HTTP status code

    Received: 400
    Documented: 204, 401, 404, 500

[400] Bad Request:

    `{&quot;message&quot;:&quot;Internal server error&quot;,&quot;request_id&quot;:&quot;be16ce02-4e86-46ef-a1a1-83fa32120468&quot;}`

Reproduce with:

    curl -X DELETE -H 'Authorization: [Filtered]' -H 'Cookie: [Filtered]' http://localhost:8000/v2/accounts/0"/>
			<failure type="failure" message="1. Test Case ID: e2Whkb

- Undocumented HTTP status code

    Received: 400
    Documented: 204, 401, 404, 500

[400] Bad Request:

    `{&quot;message&quot;:&quot;Internal server error&quot;,&quot;request_id&quot;:&quot;be16ce02-4e86-46ef-a1a1-83fa32120468&quot;}`

Reproduce with:

    curl -X DELETE -H 'Authorization: [Filtered]' -H 'Cookie: [Filtered]' http://localhost:8000/v2/accounts/0"/>
			<skipped type="skipped">No examples in schema</skipped>
		</testcase>
		<testcase name="DELETE /overlays/{id}" time="0.044481">
			<failure type="failure" message="1. Test Case ID: Lt59Wt

- Undocumented HTTP status code

    Received: 400
    Documented: 204, 401, 404, 500

[400] Bad Request:

    `{&quot;message&quot;:&quot;Internal server error&quot;,&quot;request_id&quot;:&quot;28696ae5-a654-4293-b4b8-44bf5fb10539&quot;}`

Reproduce with:

    curl -X DELETE -H 'Authorization: [Filtered]' -H 'Cookie: [Filtered]' http://localhost:8000/v2/overlays/0"/>
			<failure type="failure" message="1. Test Case ID: Lt59Wt

- Undocumented HTTP status code

    Received: 400
    Documented: 204, 401, 404, 500

[400] Bad Request:

    `{&quot;message&quot;:&quot;Internal server error&quot;,&quot;request_id&quot;:&quot;28696ae5-a654-4293-b4b8-44bf5fb10539&quot;}`

Reproduce with:

    curl -X DELETE -H 'Authorization: [Filtered]' -H 'Cookie: [Filtered]' http://localhost:8000/v2/overlays/0"/>
			<skipped type="skipped">No examples in schema</skipped>
		</testcase>
		<testcase name="Stateful tests" time="1.877196"/>
	</testsuite>
</testsuites>
