<?xml version="1.0" encoding="utf-8"?>
<testsuites disabled="0" errors="0" failures="0" tests="87" time="20.79798366490286">
	<testsuite disabled="0" errors="0" failures="0" name="schemathesis" skipped="63" tests="87" time="20.79798366490286" hostname="Leonardos-Mini.localdomain">
		<testcase name="POST /accounts" time="0.331704"/>
		<testcase name="POST /auth/2fa/backup-codes/regenerate" time="0.154295"/>
		<testcase name="POST /auth/2fa/disable" time="0.132156"/>
		<testcase name="POST /auth/2fa/emergency-disable/confirm" time="0.074901"/>
		<testcase name="POST /auth/2fa/emergency-disable/request" time="0.115433"/>
		<testcase name="POST /auth/2fa/enable" time="0.077196">
			<skipped type="skipped">No examples in schema</skipped>
		</testcase>
		<testcase name="POST /auth/2fa/verify" time="0.154158"/>
		<testcase name="POST /auth/forgot-password" time="4.727746"/>
		<testcase name="POST /auth/login" time="1.385094"/>
		<testcase name="POST /auth/logout" time="0.068979">
			<skipped type="skipped">No examples in schema</skipped>
		</testcase>
		<testcase name="POST /auth/refresh" time="0.063320">
			<skipped type="skipped">No examples in schema</skipped>
		</testcase>
		<testcase name="POST /auth/register" time="0.779036"/>
		<testcase name="POST /auth/reset-password" time="0.112689"/>
		<testcase name="POST /categories" time="0.212409"/>
		<testcase name="POST /onboarding/complete" time="0.082104">
			<skipped type="skipped">No examples in schema</skipped>
		</testcase>
		<testcase name="POST /overlays" time="0.457572"/>
		<testcase name="POST /overlays/{id}/transactions/{txId}/include" time="0.107971">
			<skipped type="skipped">No examples in schema</skipped>
		</testcase>
		<testcase name="POST /periods" time="0.313361"/>
		<testcase name="POST /periods/schedule" time="0.322713">
			<skipped type="skipped">No examples in schema</skipped>
		</testcase>
		<testcase name="POST /settings/reset-structure" time="0.161456"/>
		<testcase name="POST /targets" time="0.148714"/>
		<testcase name="POST /transactions" time="0.245127">
			<skipped type="skipped">No examples in schema</skipped>
		</testcase>
		<testcase name="POST /vendors" time="0.113899"/>
		<testcase name="PUT /auth/password" time="0.128411"/>
		<testcase name="PUT /periods/schedule" time="0.296694">
			<skipped type="skipped">No examples in schema</skipped>
		</testcase>
		<testcase name="PUT /settings/preferences" time="0.175194"/>
		<testcase name="PUT /settings/profile" time="0.163089"/>
		<testcase name="GET /accounts" time="0.165613">
			<skipped type="skipped">No examples in schema</skipped>
		</testcase>
		<testcase name="GET /accounts/options" time="0.081227">
			<skipped type="skipped">No examples in schema</skipped>
		</testcase>
		<testcase name="GET /auth/2fa/status" time="0.082598">
			<skipped type="skipped">No examples in schema</skipped>
		</testcase>
		<testcase name="GET /auth/me" time="0.077968">
			<skipped type="skipped">No examples in schema</skipped>
		</testcase>
		<testcase name="GET /categories" time="0.172005">
			<skipped type="skipped">No examples in schema</skipped>
		</testcase>
		<testcase name="GET /categories/options" time="0.082806">
			<skipped type="skipped">No examples in schema</skipped>
		</testcase>
		<testcase name="GET /currencies" time="0.026289">
			<skipped type="skipped">No examples in schema</skipped>
		</testcase>
		<testcase name="GET /currencies/{code}" time="0.074039"/>
		<testcase name="GET /dashboard/budget-stability" time="0.106640">
			<skipped type="skipped">No examples in schema</skipped>
		</testcase>
		<testcase name="GET /dashboard/current-period" time="0.127482">
			<skipped type="skipped">No examples in schema</skipped>
		</testcase>
		<testcase name="GET /dashboard/net-position" time="0.094992">
			<skipped type="skipped">No examples in schema</skipped>
		</testcase>
		<testcase name="GET /health" time="0.019002">
			<skipped type="skipped">No examples in schema</skipped>
		</testcase>
		<testcase name="GET /onboarding/status" time="0.077475">
			<skipped type="skipped">No examples in schema</skipped>
		</testcase>
		<testcase name="GET /overlays" time="0.165874">
			<skipped type="skipped">No examples in schema</skipped>
		</testcase>
		<testcase name="GET /overlays/{id}/transactions" time="0.092571">
			<skipped type="skipped">No examples in schema</skipped>
		</testcase>
		<testcase name="GET /periods" time="0.174064">
			<skipped type="skipped">No examples in schema</skipped>
		</testcase>
		<testcase name="GET /periods/schedule" time="0.074375">
			<skipped type="skipped">No examples in schema</skipped>
		</testcase>
		<testcase name="GET /settings/export/data" time="0.077253">
			<skipped type="skipped">No examples in schema</skipped>
		</testcase>
		<testcase name="GET /settings/export/transactions" time="0.085372">
			<skipped type="skipped">No examples in schema</skipped>
		</testcase>
		<testcase name="GET /settings/preferences" time="0.092917">
			<skipped type="skipped">No examples in schema</skipped>
		</testcase>
		<testcase name="GET /settings/profile" time="0.084455">
			<skipped type="skipped">No examples in schema</skipped>
		</testcase>
		<testcase name="GET /settings/sessions" time="0.131948">
			<skipped type="skipped">No examples in schema</skipped>
		</testcase>
		<testcase name="GET /unlock" time="0.077532">
			<skipped type="skipped">No examples in schema</skipped>
		</testcase>
		<testcase name="GET /vendors" time="0.168860">
			<skipped type="skipped">No examples in schema</skipped>
		</testcase>
		<testcase name="GET /vendors/options" time="0.087591">
			<skipped type="skipped">No examples in schema</skipped>
		</testcase>
		<testcase name="DELETE /overlays/{id}/transactions/{txId}/exclude" time="0.112149">
			<skipped type="skipped">No examples in schema</skipped>
		</testcase>
		<testcase name="DELETE /periods/schedule" time="0.076666">
			<skipped type="skipped">No examples in schema</skipped>
		</testcase>
		<testcase name="DELETE /settings/account" time="0.127894"/>
		<testcase name="DELETE /settings/sessions/{id}" time="0.096396">
			<skipped type="skipped">No examples in schema</skipped>
		</testcase>
		<testcase name="POST /accounts/{id}/adjust-balance" time="0.163312"/>
		<testcase name="POST /accounts/{id}/archive" time="0.093512">
			<skipped type="skipped">No examples in schema</skipped>
		</testcase>
		<testcase name="POST /accounts/{id}/unarchive" time="0.149249">
			<skipped type="skipped">No examples in schema</skipped>
		</testcase>
		<testcase name="POST /categories/{id}/archive" time="0.095991">
			<skipped type="skipped">No examples in schema</skipped>
		</testcase>
		<testcase name="POST /categories/{id}/unarchive" time="0.168426">
			<skipped type="skipped">No examples in schema</skipped>
		</testcase>
		<testcase name="POST /vendors/{id}/archive" time="0.106762">
			<skipped type="skipped">No examples in schema</skipped>
		</testcase>
		<testcase name="POST /vendors/{id}/unarchive" time="0.099261">
			<skipped type="skipped">No examples in schema</skipped>
		</testcase>
		<testcase name="PUT /periods/{id}" time="0.309734">
			<skipped type="skipped">No examples in schema</skipped>
		</testcase>
		<testcase name="GET /accounts/summary" time="0.202870">
			<skipped type="skipped">No examples in schema</skipped>
		</testcase>
		<testcase name="GET /accounts/{id}/balance-history" time="0.153153">
			<skipped type="skipped">No examples in schema</skipped>
		</testcase>
		<testcase name="GET /accounts/{id}/details" time="0.125221">
			<skipped type="skipped">No examples in schema</skipped>
		</testcase>
		<testcase name="GET /categories/overview" time="0.112393">
			<skipped type="skipped">No examples in schema</skipped>
		</testcase>
		<testcase name="GET /periods/{id}" time="0.101771">
			<skipped type="skipped">No examples in schema</skipped>
		</testcase>
		<testcase name="GET /targets" time="0.114324">
			<skipped type="skipped">No examples in schema</skipped>
		</testcase>
		<testcase name="GET /transactions" time="0.783476"/>
		<testcase name="DELETE /periods/{id}" time="0.109101">
			<skipped type="skipped">No examples in schema</skipped>
		</testcase>
		<testcase name="PUT /categories/{id}" time="0.414543">
			<skipped type="skipped">No examples in schema</skipped>
		</testcase>
		<testcase name="PUT /transactions/{id}" time="0.480950">
			<skipped type="skipped">No examples in schema</skipped>
		</testcase>
		<testcase name="PUT /vendors/{id}" time="0.237384">
			<skipped type="skipped">No examples in schema</skipped>
		</testcase>
		<testcase name="DELETE /categories/{id}" time="0.095135">
			<skipped type="skipped">No examples in schema</skipped>
		</testcase>
		<testcase name="DELETE /transactions/{id}" time="0.107238">
			<skipped type="skipped">No examples in schema</skipped>
		</testcase>
		<testcase name="DELETE /vendors/{id}" time="0.099559">
			<skipped type="skipped">No examples in schema</skipped>
		</testcase>
		<testcase name="POST /targets/{id}/exclude" time="0.105247">
			<skipped type="skipped">No examples in schema</skipped>
		</testcase>
		<testcase name="PUT /accounts/{id}" time="0.357403">
			<skipped type="skipped">No examples in schema</skipped>
		</testcase>
		<testcase name="PUT /overlays/{id}" time="0.794133">
			<skipped type="skipped">No examples in schema</skipped>
		</testcase>
		<testcase name="PUT /targets/{id}" time="0.250777">
			<skipped type="skipped">No examples in schema</skipped>
		</testcase>
		<testcase name="GET /accounts/{id}" time="0.091483">
			<skipped type="skipped">No examples in schema</skipped>
		</testcase>
		<testcase name="GET /overlays/{id}" time="0.165423">
			<skipped type="skipped">No examples in schema</skipped>
		</testcase>
		<testcase name="DELETE /accounts/{id}" time="0.093240">
			<skipped type="skipped">No examples in schema</skipped>
		</testcase>
		<testcase name="DELETE /overlays/{id}" time="0.127034">
			<skipped type="skipped">No examples in schema</skipped>
		</testcase>
		<testcase name="Stateful tests" time="0.470398"/>
	</testsuite>
</testsuites>
