<?xml version="1.0" encoding="utf-8"?>
<testsuites disabled="0" errors="0" failures="0" tests="87" time="28.854173622094095">
	<testsuite disabled="0" errors="0" failures="0" name="schemathesis" skipped="63" tests="87" time="28.854173622094095" hostname="Leonardos-Mini.localdomain">
		<testcase name="POST /accounts" time="0.414754"/>
		<testcase name="POST /auth/2fa/backup-codes/regenerate" time="0.198532"/>
		<testcase name="POST /auth/2fa/disable" time="0.191507"/>
		<testcase name="POST /auth/2fa/emergency-disable/confirm" time="0.086615"/>
		<testcase name="POST /auth/2fa/emergency-disable/request" time="0.064199"/>
		<testcase name="POST /auth/2fa/enable" time="0.251740">
			<skipped type="skipped">No examples in schema</skipped>
		</testcase>
		<testcase name="POST /auth/2fa/verify" time="0.204026"/>
		<testcase name="POST /auth/forgot-password" time="1.210868"/>
		<testcase name="POST /auth/login" time="1.539064"/>
		<testcase name="POST /auth/logout" time="0.079151">
			<skipped type="skipped">No examples in schema</skipped>
		</testcase>
		<testcase name="POST /auth/refresh" time="0.114709">
			<skipped type="skipped">No examples in schema</skipped>
		</testcase>
		<testcase name="POST /auth/register" time="0.536029"/>
		<testcase name="POST /auth/reset-password" time="0.078169"/>
		<testcase name="POST /categories" time="0.401270"/>
		<testcase name="POST /onboarding/complete" time="0.121281">
			<skipped type="skipped">No examples in schema</skipped>
		</testcase>
		<testcase name="POST /overlays" time="0.635723"/>
		<testcase name="POST /overlays/{id}/transactions/{txId}/include" time="0.150382">
			<skipped type="skipped">No examples in schema</skipped>
		</testcase>
		<testcase name="POST /periods" time="0.439459"/>
		<testcase name="POST /periods/schedule" time="0.558000">
			<skipped type="skipped">No examples in schema</skipped>
		</testcase>
		<testcase name="POST /settings/reset-structure" time="1.757540"/>
		<testcase name="POST /targets" time="0.253064"/>
		<testcase name="POST /transactions" time="0.361949">
			<skipped type="skipped">No examples in schema</skipped>
		</testcase>
		<testcase name="POST /vendors" time="0.219296"/>
		<testcase name="PUT /auth/password" time="1.109847"/>
		<testcase name="PUT /periods/schedule" time="0.568774">
			<skipped type="skipped">No examples in schema</skipped>
		</testcase>
		<testcase name="PUT /settings/preferences" time="0.329522"/>
		<testcase name="PUT /settings/profile" time="0.198412"/>
		<testcase name="GET /accounts" time="0.271985">
			<skipped type="skipped">No examples in schema</skipped>
		</testcase>
		<testcase name="GET /accounts/options" time="0.111991">
			<skipped type="skipped">No examples in schema</skipped>
		</testcase>
		<testcase name="GET /auth/2fa/status" time="0.128616">
			<skipped type="skipped">No examples in schema</skipped>
		</testcase>
		<testcase name="GET /auth/me" time="0.127371">
			<skipped type="skipped">No examples in schema</skipped>
		</testcase>
		<testcase name="GET /categories" time="0.249888">
			<skipped type="skipped">No examples in schema</skipped>
		</testcase>
		<testcase name="GET /categories/options" time="0.082986">
			<skipped type="skipped">No examples in schema</skipped>
		</testcase>
		<testcase name="GET /currencies" time="0.015109">
			<skipped type="skipped">No examples in schema</skipped>
		</testcase>
		<testcase name="GET /currencies/{code}" time="0.058916"/>
		<testcase name="GET /dashboard/budget-stability" time="0.152129">
			<skipped type="skipped">No examples in schema</skipped>
		</testcase>
		<testcase name="GET /dashboard/current-period" time="0.163671">
			<skipped type="skipped">No examples in schema</skipped>
		</testcase>
		<testcase name="GET /dashboard/net-position" time="0.151430">
			<skipped type="skipped">No examples in schema</skipped>
		</testcase>
		<testcase name="GET /health" time="0.018520">
			<skipped type="skipped">No examples in schema</skipped>
		</testcase>
		<testcase name="GET /onboarding/status" time="0.170587">
			<skipped type="skipped">No examples in schema</skipped>
		</testcase>
		<testcase name="GET /overlays" time="3.248637">
			<skipped type="skipped">No examples in schema</skipped>
		</testcase>
		<testcase name="GET /overlays/{id}/transactions" time="0.099990">
			<skipped type="skipped">No examples in schema</skipped>
		</testcase>
		<testcase name="GET /periods" time="0.236835">
			<skipped type="skipped">No examples in schema</skipped>
		</testcase>
		<testcase name="GET /periods/schedule" time="0.063682">
			<skipped type="skipped">No examples in schema</skipped>
		</testcase>
		<testcase name="GET /settings/export/data" time="0.100193">
			<skipped type="skipped">No examples in schema</skipped>
		</testcase>
		<testcase name="GET /settings/export/transactions" time="0.079363">
			<skipped type="skipped">No examples in schema</skipped>
		</testcase>
		<testcase name="GET /settings/preferences" time="0.068946">
			<skipped type="skipped">No examples in schema</skipped>
		</testcase>
		<testcase name="GET /settings/profile" time="0.078530">
			<skipped type="skipped">No examples in schema</skipped>
		</testcase>
		<testcase name="GET /settings/sessions" time="0.123906">
			<skipped type="skipped">No examples in schema</skipped>
		</testcase>
		<testcase name="GET /unlock" time="0.101912">
			<skipped type="skipped">No examples in schema</skipped>
		</testcase>
		<testcase name="GET /vendors" time="0.263752">
			<skipped type="skipped">No examples in schema</skipped>
		</testcase>
		<testcase name="GET /vendors/options" time="0.108297">
			<skipped type="skipped">No examples in schema</skipped>
		</testcase>
		<testcase name="DELETE /overlays/{id}/transactions/{txId}/exclude" time="0.113405">
			<skipped type="skipped">No examples in schema</skipped>
		</testcase>
		<testcase name="DELETE /periods/schedule" time="0.084534">
			<skipped type="skipped">No examples in schema</skipped>
		</testcase>
		<testcase name="DELETE /settings/account" time="1.790841"/>
		<testcase name="DELETE /settings/sessions/{id}" time="0.150780">
			<skipped type="skipped">No examples in schema</skipped>
		</testcase>
		<testcase name="POST /accounts/{id}/adjust-balance" time="0.234207"/>
		<testcase name="POST /accounts/{id}/archive" time="0.135113">
			<skipped type="skipped">No examples in schema</skipped>
		</testcase>
		<testcase name="POST /accounts/{id}/unarchive" time="0.122841">
			<skipped type="skipped">No examples in schema</skipped>
		</testcase>
		<testcase name="POST /categories/{id}/archive" time="0.121772">
			<skipped type="skipped">No examples in schema</skipped>
		</testcase>
		<testcase name="POST /categories/{id}/unarchive" time="0.121461">
			<skipped type="skipped">No examples in schema</skipped>
		</testcase>
		<testcase name="POST /vendors/{id}/archive" time="0.134065">
			<skipped type="skipped">No examples in schema</skipped>
		</testcase>
		<testcase name="POST /vendors/{id}/unarchive" time="0.121998">
			<skipped type="skipped">No examples in schema</skipped>
		</testcase>
		<testcase name="PUT /periods/{id}" time="0.617903">
			<skipped type="skipped">No examples in schema</skipped>
		</testcase>
		<testcase name="GET /accounts/summary" time="0.341876">
			<skipped type="skipped">No examples in schema</skipped>
		</testcase>
		<testcase name="GET /accounts/{id}/balance-history" time="0.182253">
			<skipped type="skipped">No examples in schema</skipped>
		</testcase>
		<testcase name="GET /accounts/{id}/details" time="0.191120">
			<skipped type="skipped">No examples in schema</skipped>
		</testcase>
		<testcase name="GET /categories/overview" time="0.162659">
			<skipped type="skipped">No examples in schema</skipped>
		</testcase>
		<testcase name="GET /periods/{id}" time="0.110531">
			<skipped type="skipped">No examples in schema</skipped>
		</testcase>
		<testcase name="GET /targets" time="0.146281">
			<skipped type="skipped">No examples in schema</skipped>
		</testcase>
		<testcase name="GET /transactions" time="0.903393"/>
		<testcase name="DELETE /periods/{id}" time="0.118721">
			<skipped type="skipped">No examples in schema</skipped>
		</testcase>
		<testcase name="PUT /categories/{id}" time="0.401349">
			<skipped type="skipped">No examples in schema</skipped>
		</testcase>
		<testcase name="PUT /transactions/{id}" time="0.442938">
			<skipped type="skipped">No examples in schema</skipped>
		</testcase>
		<testcase name="PUT /vendors/{id}" time="0.360977">
			<skipped type="skipped">No examples in schema</skipped>
		</testcase>
		<testcase name="DELETE /categories/{id}" time="0.147707">
			<skipped type="skipped">No examples in schema</skipped>
		</testcase>
		<testcase name="DELETE /transactions/{id}" time="0.145800">
			<skipped type="skipped">No examples in schema</skipped>
		</testcase>
		<testcase name="DELETE /vendors/{id}" time="0.131812">
			<skipped type="skipped">No examples in schema</skipped>
		</testcase>
		<testcase name="POST /targets/{id}/exclude" time="0.131904">
			<skipped type="skipped">No examples in schema</skipped>
		</testcase>
		<testcase name="PUT /accounts/{id}" time="0.351200">
			<skipped type="skipped">No examples in schema</skipped>
		</testcase>
		<testcase name="PUT /overlays/{id}" time="0.847242">
			<skipped type="skipped">No examples in schema</skipped>
		</testcase>
		<testcase name="PUT /targets/{id}" time="0.220168">
			<skipped type="skipped">No examples in schema</skipped>
		</testcase>
		<testcase name="GET /accounts/{id}" time="0.131654">
			<skipped type="skipped">No examples in schema</skipped>
		</testcase>
		<testcase name="GET /overlays/{id}" time="0.130098">
			<skipped type="skipped">No examples in schema</skipped>
		</testcase>
		<testcase name="DELETE /accounts/{id}" time="0.182070">
			<skipped type="skipped">No examples in schema</skipped>
		</testcase>
		<testcase name="DELETE /overlays/{id}" time="0.144997">
			<skipped type="skipped">No examples in schema</skipped>
		</testcase>
		<testcase name="Stateful tests" time="0.827376"/>
	</testsuite>
</testsuites>
